<?xml version="1.0" encoding="UTF-8"?>
<testsuite xmlns:xsi="http://www.w3.org/2001/XMLSchema-instance" xsi:noNamespaceSchemaLocation="https://maven.apache.org/surefire/maven-surefire-plugin/xsd/surefire-test-report-3.0.xsd" version="3.0" name="cucumberOptions.TestNGRunner" time="1.519" tests="4" errors="0" skipped="0" failures="0">
  <properties>
[...]
</properties>
  <testcase name="runScenario[&quot;Admin Page default Login&quot;, &quot;Application Login&quot;](1)" classname="cucumberOptions.TestNGRunner" time="0.116">
    <system-out><![CDATA[User landed on NetBanking page
Username: Admin
Password: ABC
Home page displayed
Cards displayed
]]></system-out>
    <system-err><![CDATA[SLF4J(W): No SLF4J providers were found.
SLF4J(W): Defaulting to no-operation (NOP) logger implementation
SLF4J(W): See https://www.slf4j.org/codes.html#noProviders for further details.
]]></system-err>
  </testcase>
  <testcase name="runScenario[&quot;User Page default login&quot;, &quot;Application Login&quot;](2)" classname="cucumberOptions.TestNGRunner" time="0.0">
    <system-out><![CDATA[User landed on NetBanking page
Username: User
Password: ABSS
Home page displayed
Cards displayed
]]></system-out>
  </testcase>
  <testcase name="runScenario[&quot;User Page default Login&quot;, &quot;Application Login&quot;](3)" classname="cucumberOptions.TestNGRunner" time="0.011">
    <system-out><![CDATA[User landed on NetBanking page
Username: "DebitUser"
Password: "1111"
Home page displayed
Cards displayed
]]></system-out>
  </testcase>
  <testcase name="runScenario[&quot;User Page default Login&quot;, &quot;Application Login&quot;](4)" classname="cucumberOptions.TestNGRunner" time="0.0">
    <system-out><![CDATA[User landed on NetBanking page
Username: "111"
Password: "Q11Q"
Home page displayed
Cards displayed
]]></system-out>
  </testcase>
</testsuite>