<?xml version="1.0" encoding="UTF-8"?>
<!-- Generated by org.testng.reporters.JUnitReportReporter -->
<testsuite hostname="DESKTOP-E2E11G8" failures="0" tests="10" name="cucumberOptions.TestNGRunner" time="0.393" errors="0" timestamp="2026-03-20T17:39:05 IST" skipped="0">
  <testcase classname="cucumberOptions.TestNGRunner" name="runScenario" time="0.013"/>
  <testcase classname="cucumberOptions.TestNGRunner" name="runScenario" time="0.017"/>
  <testcase classname="cucumberOptions.TestNGRunner" name="runScenario" time="0.012"/>
  <testcase classname="cucumberOptions.TestNGRunner" name="runScenario" time="0.011"/>
  <testcase classname="cucumberOptions.TestNGRunner" name="runScenario" time="0.017"/>
  <testcase classname="cucumberOptions.TestNGRunner" name="runScenario" time="0.031"/>
  <testcase classname="cucumberOptions.TestNGRunner" name="runScenario" time="0.235"/>
  <testcase classname="cucumberOptions.TestNGRunner" name="runScenario" time="0.026"/>
  <testcase classname="cucumberOptions.TestNGRunner" name="runScenario" time="0.022"/>
  <testcase classname="cucumberOptions.TestNGRunner" name="runScenario" time="0.009"/>
</testsuite> <!-- cucumberOptions.TestNGRunner -->
