<?xml version="1.0" encoding="UTF-8"?>
<!-- Generated by org.testng.reporters.JUnitReportReporter -->
<testsuite hostname="DESKTOP-E2E11G8" failures="0" tests="4" name="cucumberOptions.TestNGRunner" time="0.114" errors="0" timestamp="2026-03-11T05:53:26 IST" skipped="0">
  <testcase classname="cucumberOptions.TestNGRunner" name="runScenario" time="0.101"/>
  <testcase classname="cucumberOptions.TestNGRunner" name="runScenario" time="0.005"/>
  <testcase classname="cucumberOptions.TestNGRunner" name="runScenario" time="0.006"/>
  <testcase classname="cucumberOptions.TestNGRunner" name="runScenario" time="0.002"/>
</testsuite> <!-- cucumberOptions.TestNGRunner -->
